2019-12-12 00:20:40  [ http-nio-8080-exec-3:0 ] - [ INFO ]  The number of. java files is: 144 in 0.9.22 project
2019-12-12 00:20:53  [ http-nio-8080-exec-7:13124 ] - [ INFO ]  The number of. java files is: 949 in source project
2019-12-12 09:56:54  [ http-nio-8080-exec-1:0 ] - [ INFO ]  The number of. java files is: 144 in 0.9.22 project
2019-12-12 10:04:42  [ http-nio-8080-exec-10:0 ] - [ INFO ]  The number of. java files is: 144 in 0.9.22 project
2019-12-12 10:06:40  [ http-nio-8080-exec-9:0 ] - [ INFO ]  The number of. java files is: 144 in 0.9.22 project
2019-12-12 10:19:12  [ http-nio-8080-exec-9:0 ] - [ INFO ]  The number of. java files is: 144 in 0.9.22 project
2019-12-12 10:21:55  [ http-nio-8080-exec-9:0 ] - [ INFO ]  The number of. java files is: 144 in 0.9.22 project
2019-12-12 10:22:33  [ http-nio-8080-exec-9:37260 ] - [ INFO ]  The number of. java files is: 144 in 0.9.23 project
2019-12-12 10:24:11  [ http-nio-8080-exec-5:135506 ] - [ INFO ]  The number of. java files is: 144 in 0.9.22 project
2019-12-12 10:24:48  [ http-nio-8080-exec-5:172418 ] - [ INFO ]  The number of. java files is: 144 in 0.9.23 project
2019-12-12 10:32:37  [ http-nio-8080-exec-9:0 ] - [ INFO ]  The number of. java files is: 144 in 0.9.22 project
2019-12-12 10:33:18  [ http-nio-8080-exec-9:40812 ] - [ INFO ]  The number of. java files is: 144 in 0.9.23 project
2019-12-12 10:35:12  [ http-nio-8080-exec-5:154874 ] - [ INFO ]  The number of. java files is: 144 in 0.9.22 project
2019-12-12 10:35:50  [ http-nio-8080-exec-5:192472 ] - [ INFO ]  The number of. java files is: 144 in 0.9.23 project
2019-12-12 10:36:48  [ http-nio-8080-exec-7:250735 ] - [ INFO ]  The number of. java files is: 144 in 0.9.22 project
2019-12-12 10:44:15  [ http-nio-8080-exec-4:0 ] - [ INFO ]  The number of. java files is: 144 in 0.9.22 project
2019-12-12 10:44:56  [ http-nio-8080-exec-4:41933 ] - [ INFO ]  The number of. java files is: 144 in 0.9.23 project
2019-12-12 10:54:26  [ http-nio-8080-exec-4:0 ] - [ INFO ]  The number of. java files is: 144 in 0.9.22 project
2019-12-12 10:55:09  [ http-nio-8080-exec-4:43369 ] - [ INFO ]  The number of. java files is: 144 in 0.9.23 project
2019-12-12 11:13:06  [ http-nio-8080-exec-9:0 ] - [ INFO ]  The number of. java files is: 144 in 0.9.22 project
2019-12-12 11:13:49  [ http-nio-8080-exec-9:43222 ] - [ INFO ]  The number of. java files is: 144 in 0.9.23 project
2019-12-12 11:15:32  [ http-nio-8080-exec-6:146507 ] - [ INFO ]  The number of. java files is: 144 in 0.9.22 project
2019-12-12 11:16:12  [ http-nio-8080-exec-6:185866 ] - [ INFO ]  The number of. java files is: 144 in 0.9.23 project
2019-12-12 11:43:29  [ http-nio-8080-exec-4:0 ] - [ INFO ]  The number of. java files is: 144 in 0.9.22 project
2019-12-12 11:44:09  [ http-nio-8080-exec-4:40061 ] - [ INFO ]  The number of. java files is: 144 in 0.9.23 project
2019-12-12 15:06:34  [ http-nio-8080-exec-1:0 ] - [ INFO ]  The number of. java files is: 144 in 0.9.22 project
2019-12-12 15:07:15  [ http-nio-8080-exec-1:40497 ] - [ INFO ]  The number of. java files is: 144 in 0.9.23 project
2019-12-12 15:13:10  [ http-nio-8080-exec-9:0 ] - [ INFO ]  "welcome to batch to Neo4j database"

2019-12-12 15:13:10  [ http-nio-8080-exec-9:3 ] - [ INFO ]  Neo4jDir E:\neo4j-community-3.5.12

2019-12-12 15:13:10  [ http-nio-8080-exec-9:4 ] - [ INFO ]  csvSOurce H:\CodeScanning\tools\csvdata

2019-12-12 15:13:30  [ http-nio-8080-exec-9:19738 ] - [ INFO ]  Neo4j service stopped

2019-12-12 15:13:30  [ http-nio-8080-exec-9:19837 ] - [ INFO ]  删除文件 - E:\neo4j-community-3.5.12\data\databases\yueyue2.db\neostore

2019-12-12 15:13:30  [ http-nio-8080-exec-9:19837 ] - [ INFO ]  删除文件 - E:\neo4j-community-3.5.12\data\databases\yueyue2.db\neostore.counts.db.a

2019-12-12 15:13:30  [ http-nio-8080-exec-9:19838 ] - [ INFO ]  删除文件 - E:\neo4j-community-3.5.12\data\databases\yueyue2.db\neostore.id

2019-12-12 15:13:30  [ http-nio-8080-exec-9:19838 ] - [ INFO ]  删除文件 - E:\neo4j-community-3.5.12\data\databases\yueyue2.db\neostore.labelscanstore.db

2019-12-12 15:13:30  [ http-nio-8080-exec-9:19838 ] - [ INFO ]  删除文件 - E:\neo4j-community-3.5.12\data\databases\yueyue2.db\neostore.labeltokenstore.db

2019-12-12 15:13:30  [ http-nio-8080-exec-9:19839 ] - [ INFO ]  删除文件 - E:\neo4j-community-3.5.12\data\databases\yueyue2.db\neostore.labeltokenstore.db.id

2019-12-12 15:13:30  [ http-nio-8080-exec-9:19839 ] - [ INFO ]  删除文件 - E:\neo4j-community-3.5.12\data\databases\yueyue2.db\neostore.labeltokenstore.db.names

2019-12-12 15:13:30  [ http-nio-8080-exec-9:19839 ] - [ INFO ]  删除文件 - E:\neo4j-community-3.5.12\data\databases\yueyue2.db\neostore.labeltokenstore.db.names.id

2019-12-12 15:13:30  [ http-nio-8080-exec-9:19839 ] - [ INFO ]  删除文件 - E:\neo4j-community-3.5.12\data\databases\yueyue2.db\neostore.nodestore.db

2019-12-12 15:13:30  [ http-nio-8080-exec-9:19840 ] - [ INFO ]  删除文件 - E:\neo4j-community-3.5.12\data\databases\yueyue2.db\neostore.nodestore.db.id

2019-12-12 15:13:30  [ http-nio-8080-exec-9:19840 ] - [ INFO ]  删除文件 - E:\neo4j-community-3.5.12\data\databases\yueyue2.db\neostore.nodestore.db.labels

2019-12-12 15:13:30  [ http-nio-8080-exec-9:19840 ] - [ INFO ]  删除文件 - E:\neo4j-community-3.5.12\data\databases\yueyue2.db\neostore.nodestore.db.labels.id

2019-12-12 15:13:30  [ http-nio-8080-exec-9:19841 ] - [ INFO ]  删除文件 - E:\neo4j-community-3.5.12\data\databases\yueyue2.db\neostore.propertystore.db

2019-12-12 15:13:30  [ http-nio-8080-exec-9:19841 ] - [ INFO ]  删除文件 - E:\neo4j-community-3.5.12\data\databases\yueyue2.db\neostore.propertystore.db.arrays

2019-12-12 15:13:30  [ http-nio-8080-exec-9:19842 ] - [ INFO ]  删除文件 - E:\neo4j-community-3.5.12\data\databases\yueyue2.db\neostore.propertystore.db.arrays.id

2019-12-12 15:13:30  [ http-nio-8080-exec-9:19842 ] - [ INFO ]  删除文件 - E:\neo4j-community-3.5.12\data\databases\yueyue2.db\neostore.propertystore.db.id

2019-12-12 15:13:30  [ http-nio-8080-exec-9:19842 ] - [ INFO ]  删除文件 - E:\neo4j-community-3.5.12\data\databases\yueyue2.db\neostore.propertystore.db.index

2019-12-12 15:13:30  [ http-nio-8080-exec-9:19842 ] - [ INFO ]  删除文件 - E:\neo4j-community-3.5.12\data\databases\yueyue2.db\neostore.propertystore.db.index.id

2019-12-12 15:13:30  [ http-nio-8080-exec-9:19842 ] - [ INFO ]  删除文件 - E:\neo4j-community-3.5.12\data\databases\yueyue2.db\neostore.propertystore.db.index.keys

2019-12-12 15:13:30  [ http-nio-8080-exec-9:19843 ] - [ INFO ]  删除文件 - E:\neo4j-community-3.5.12\data\databases\yueyue2.db\neostore.propertystore.db.index.keys.id

2019-12-12 15:13:30  [ http-nio-8080-exec-9:19843 ] - [ INFO ]  删除文件 - E:\neo4j-community-3.5.12\data\databases\yueyue2.db\neostore.propertystore.db.strings

2019-12-12 15:13:30  [ http-nio-8080-exec-9:19843 ] - [ INFO ]  删除文件 - E:\neo4j-community-3.5.12\data\databases\yueyue2.db\neostore.propertystore.db.strings.id

2019-12-12 15:13:30  [ http-nio-8080-exec-9:19843 ] - [ INFO ]  删除文件 - E:\neo4j-community-3.5.12\data\databases\yueyue2.db\neostore.relationshipgroupstore.db

2019-12-12 15:13:30  [ http-nio-8080-exec-9:19844 ] - [ INFO ]  删除文件 - E:\neo4j-community-3.5.12\data\databases\yueyue2.db\neostore.relationshipgroupstore.db.id

2019-12-12 15:13:30  [ http-nio-8080-exec-9:19844 ] - [ INFO ]  删除文件 - E:\neo4j-community-3.5.12\data\databases\yueyue2.db\neostore.relationshipstore.db

2019-12-12 15:13:30  [ http-nio-8080-exec-9:19844 ] - [ INFO ]  删除文件 - E:\neo4j-community-3.5.12\data\databases\yueyue2.db\neostore.relationshipstore.db.id

2019-12-12 15:13:30  [ http-nio-8080-exec-9:19845 ] - [ INFO ]  删除文件 - E:\neo4j-community-3.5.12\data\databases\yueyue2.db\neostore.relationshiptypestore.db

2019-12-12 15:13:30  [ http-nio-8080-exec-9:19845 ] - [ INFO ]  删除文件 - E:\neo4j-community-3.5.12\data\databases\yueyue2.db\neostore.relationshiptypestore.db.id

2019-12-12 15:13:30  [ http-nio-8080-exec-9:19845 ] - [ INFO ]  删除文件 - E:\neo4j-community-3.5.12\data\databases\yueyue2.db\neostore.relationshiptypestore.db.names

2019-12-12 15:13:30  [ http-nio-8080-exec-9:19846 ] - [ INFO ]  删除文件 - E:\neo4j-community-3.5.12\data\databases\yueyue2.db\neostore.relationshiptypestore.db.names.id

2019-12-12 15:13:30  [ http-nio-8080-exec-9:19846 ] - [ INFO ]  删除文件 - E:\neo4j-community-3.5.12\data\databases\yueyue2.db\neostore.schemastore.db

2019-12-12 15:13:30  [ http-nio-8080-exec-9:19846 ] - [ INFO ]  删除文件 - E:\neo4j-community-3.5.12\data\databases\yueyue2.db\neostore.schemastore.db.id

2019-12-12 15:13:30  [ http-nio-8080-exec-9:19847 ] - [ INFO ]  删除文件 - E:\neo4j-community-3.5.12\data\databases\yueyue2.db\temp.db\temp.db\neostore.propertystore.db

2019-12-12 15:13:30  [ http-nio-8080-exec-9:19848 ] - [ INFO ]  删除文件 - E:\neo4j-community-3.5.12\data\databases\yueyue2.db\temp.db\temp.db\neostore.propertystore.db.arrays

2019-12-12 15:13:30  [ http-nio-8080-exec-9:19848 ] - [ INFO ]  删除文件 - E:\neo4j-community-3.5.12\data\databases\yueyue2.db\temp.db\temp.db\neostore.propertystore.db.arrays.id

2019-12-12 15:13:30  [ http-nio-8080-exec-9:19848 ] - [ INFO ]  删除文件 - E:\neo4j-community-3.5.12\data\databases\yueyue2.db\temp.db\temp.db\neostore.propertystore.db.id

2019-12-12 15:13:30  [ http-nio-8080-exec-9:19849 ] - [ INFO ]  删除文件 - E:\neo4j-community-3.5.12\data\databases\yueyue2.db\temp.db\temp.db\neostore.propertystore.db.index

2019-12-12 15:13:30  [ http-nio-8080-exec-9:19849 ] - [ INFO ]  删除文件 - E:\neo4j-community-3.5.12\data\databases\yueyue2.db\temp.db\temp.db\neostore.propertystore.db.index.id

2019-12-12 15:13:30  [ http-nio-8080-exec-9:19849 ] - [ INFO ]  删除文件 - E:\neo4j-community-3.5.12\data\databases\yueyue2.db\temp.db\temp.db\neostore.propertystore.db.index.keys

2019-12-12 15:13:30  [ http-nio-8080-exec-9:19849 ] - [ INFO ]  删除文件 - E:\neo4j-community-3.5.12\data\databases\yueyue2.db\temp.db\temp.db\neostore.propertystore.db.index.keys.id

2019-12-12 15:13:30  [ http-nio-8080-exec-9:19849 ] - [ INFO ]  删除文件 - E:\neo4j-community-3.5.12\data\databases\yueyue2.db\temp.db\temp.db\neostore.propertystore.db.strings

2019-12-12 15:13:30  [ http-nio-8080-exec-9:19850 ] - [ INFO ]  删除文件 - E:\neo4j-community-3.5.12\data\databases\yueyue2.db\temp.db\temp.db\neostore.propertystore.db.strings.id

2019-12-12 15:13:30  [ http-nio-8080-exec-9:19850 ] - [ INFO ]  删除文件 - E:\neo4j-community-3.5.12\data\databases\yueyue2.db\temp.db\temp.db\neostore.relationshipgroupstore.db

2019-12-12 15:13:30  [ http-nio-8080-exec-9:19850 ] - [ INFO ]  删除文件 - E:\neo4j-community-3.5.12\data\databases\yueyue2.db\temp.db\temp.db\neostore.relationshipgroupstore.db.id

2019-12-12 15:39:50  [ http-nio-8080-exec-8:0 ] - [ INFO ]  The number of. java files is: 144 in 0.9.22 project
2019-12-12 15:40:42  [ http-nio-8080-exec-8:52548 ] - [ INFO ]  The number of. java files is: 144 in 0.9.23 project
2019-12-12 15:41:21  [ http-nio-8080-exec-8:0 ] - [ INFO ]  The number of. java files is: 144 in 0.9.22 project
2019-12-12 15:42:05  [ http-nio-8080-exec-8:44081 ] - [ INFO ]  The number of. java files is: 144 in 0.9.23 project
2019-12-12 15:43:22  [ http-nio-8080-exec-9:0 ] - [ INFO ]  The number of. java files is: 144 in 0.9.22 project
2019-12-12 15:44:04  [ http-nio-8080-exec-9:42764 ] - [ INFO ]  The number of. java files is: 144 in 0.9.23 project
2019-12-12 15:45:30  [ http-nio-8080-exec-9:0 ] - [ INFO ]  The number of. java files is: 144 in 0.9.22 project
2019-12-12 15:47:11  [ http-nio-8080-exec-2:0 ] - [ INFO ]  The number of. java files is: 144 in 0.9.22 project
2019-12-12 15:48:00  [ http-nio-8080-exec-2:48334 ] - [ INFO ]  The number of. java files is: 144 in 0.9.23 project
2019-12-12 15:50:22  [ http-nio-8080-exec-9:0 ] - [ INFO ]  The number of. java files is: 144 in 0.9.22 project
2019-12-12 15:52:10  [ http-nio-8080-exec-2:0 ] - [ INFO ]  The number of. java files is: 144 in 0.9.22 project
2019-12-12 15:52:56  [ http-nio-8080-exec-2:46517 ] - [ INFO ]  The number of. java files is: 144 in 0.9.23 project
2019-12-12 16:04:26  [ http-nio-8080-exec-9:0 ] - [ INFO ]  The number of. java files is: 144 in 0.9.22 project
2019-12-12 16:05:21  [ http-nio-8080-exec-9:55251 ] - [ INFO ]  The number of. java files is: 144 in 0.9.23 project
2019-12-12 16:08:15  [ http-nio-8080-exec-5:0 ] - [ INFO ]  The number of. java files is: 144 in 0.9.22 project
2019-12-12 16:10:47  [ http-nio-8080-exec-2:0 ] - [ INFO ]  The number of. java files is: 144 in 0.9.22 project
2019-12-12 16:11:30  [ http-nio-8080-exec-2:42981 ] - [ INFO ]  The number of. java files is: 144 in 0.9.23 project
2019-12-12 16:41:36  [ http-nio-8080-exec-4:0 ] - [ INFO ]  The number of. java files is: 144 in 0.9.22 project
2019-12-12 16:42:24  [ http-nio-8080-exec-4:48484 ] - [ INFO ]  The number of. java files is: 144 in 0.9.23 project
2019-12-12 16:43:51  [ http-nio-8080-exec-8:0 ] - [ INFO ]  The number of. java files is: 144 in 0.9.22 project
2019-12-12 16:51:16  [ http-nio-8080-exec-10:0 ] - [ INFO ]  The number of. java files is: 144 in 0.9.22 project
2019-12-12 16:52:00  [ http-nio-8080-exec-10:43584 ] - [ INFO ]  The number of. java files is: 144 in 0.9.23 project
2019-12-12 17:06:49  [ http-nio-8080-exec-8:0 ] - [ INFO ]  The number of. java files is: 144 in 0.9.22 project
2019-12-12 17:07:59  [ http-nio-8080-exec-7:0 ] - [ INFO ]  The number of. java files is: 144 in 0.9.22 project
2019-12-12 17:08:48  [ http-nio-8080-exec-8:0 ] - [ INFO ]  The number of. java files is: 144 in 0.9.22 project
2019-12-12 17:13:10  [ http-nio-8080-exec-9:0 ] - [ INFO ]  The number of. java files is: 144 in 0.9.22 project
2019-12-12 17:13:52  [ http-nio-8080-exec-9:41976 ] - [ INFO ]  The number of. java files is: 144 in 0.9.23 project
2019-12-12 17:23:09  [ http-nio-8080-exec-8:1 ] - [ INFO ]  The number of. java files is: 144 in 0.9.22 project
2019-12-12 17:23:55  [ http-nio-8080-exec-8:46450 ] - [ INFO ]  The number of. java files is: 144 in 0.9.23 project
2019-12-12 17:25:33  [ http-nio-8080-exec-8:0 ] - [ INFO ]  The number of. java files is: 144 in 0.9.22 project
2019-12-12 17:26:18  [ http-nio-8080-exec-8:44544 ] - [ INFO ]  The number of. java files is: 144 in 0.9.23 project
2019-12-12 20:19:22  [ http-nio-8080-exec-2:0 ] - [ INFO ]  The number of. java files is: 144 in 0.9.22 project
2019-12-12 20:20:05  [ http-nio-8080-exec-2:43599 ] - [ INFO ]  The number of. java files is: 144 in 0.9.23 project
2019-12-12 20:22:28  [ http-nio-8080-exec-9:0 ] - [ INFO ]  The number of. java files is: 144 in 0.9.22 project
2019-12-12 20:23:08  [ http-nio-8080-exec-9:40494 ] - [ INFO ]  The number of. java files is: 144 in 0.9.23 project
2019-12-12 20:25:53  [ http-nio-8080-exec-9:0 ] - [ INFO ]  The number of. java files is: 144 in 0.9.22 project
2019-12-12 20:26:37  [ http-nio-8080-exec-9:44021 ] - [ INFO ]  The number of. java files is: 144 in 0.9.23 project
2019-12-12 22:14:07  [ http-nio-8080-exec-8:0 ] - [ INFO ]  The number of. java files is: 144 in 0.9.22 project
2019-12-12 22:14:50  [ http-nio-8080-exec-8:42745 ] - [ INFO ]  The number of. java files is: 144 in 0.9.23 project
2019-12-12 23:04:47  [ http-nio-8080-exec-9:0 ] - [ INFO ]  The number of. java files is: 144 in 0.9.22 project
